<?xml version="1.0" encoding="UTF-8"?>
<testsuite name="no.skatteetaten.aurora.kubernetes.config.CombinedUsersConfigTest" tests="1" skipped="0" failures="0" errors="0" timestamp="2021-10-28T11:33:10" hostname="SKE-DM3HQ-MD6T" time="0.367">
  <properties/>
  <testcase name="Load single user config()" classname="no.skatteetaten.aurora.kubernetes.config.CombinedUsersConfigTest" time="0.367"/>
  <system-out><![CDATA[2021-10-28 13:33:09.092 DEBUG [test,,] 78102 --- [    Test worker] n.s.aurora.DatabasePropertiesListener    : The environment variable DB_PROPERTIES is not set.

  .   ____          _            __ _ _
 /\\ / ___'_ __ _ _(_)_ __  __ _ \ \ \ \
( ( )\___ | '_ | '_| | '_ \/ _` | \ \ \ \
 \\/  ___)| |_)| | | | | || (_| |  ) ) ) )
  '  |____| .__|_| |_|_| |_\__, | / / / /
 =========|_|==============|___/=/_/_/_/
 :: Spring Boot ::                (v2.5.6)

2021-10-28 13:33:09.205  INFO [test,,] 78102 --- [    Test worker] n.s.a.k.config.CombinedUsersConfigTest   : Starting CombinedUsersConfigTest using Java 11.0.11 on SKE-DM3HQ-MD6T with PID 78102 (started by k82814 in /Users/k82814/workspace/kotlin/kubernetes-reactor-coroutines-client)
2021-10-28 13:33:09.205 DEBUG [test,,] 78102 --- [    Test worker] n.s.a.k.config.CombinedUsersConfigTest   : Running with Spring Boot v2.5.6, Spring v5.3.12
2021-10-28 13:33:09.206  INFO [test,,] 78102 --- [    Test worker] n.s.a.k.config.CombinedUsersConfigTest   : No active profile set, falling back to default profiles: default
2021-10-28 13:33:10.249  INFO [test,,] 78102 --- [    Test worker] n.s.a.k.config.KubernetesClientConfig    : Token location (/var/run/secrets/kubernetes.io/serviceaccount/token) not found, reading token from src/test/resources/test-config/combined/.kube/config
2021-10-28 13:33:10.300  INFO [test,,] 78102 --- [    Test worker] n.s.a.k.config.CombinedUsersConfigTest   : Started CombinedUsersConfigTest in 1.595 seconds (JVM running for 4.224)
2021-10-28 13:33:10.476 DEBUG [test,,] 78102 --- [    Test worker] n.s.a.k.KubernetesConfiguration          : Kubernetes url=https://utv-master.paas.skead.no:8443
2021-10-28 13:33:10.545  INFO [test,,] 78102 --- [    Test worker] n.s.a.k.config.KubernetesClientConfig    : Token location (/var/run/secrets/kubernetes.io/serviceaccount/token) not found, reading token from src/test/resources/test-config/combined/.kube/config
]]></system-out>
  <system-err><![CDATA[]]></system-err>
</testsuite>
