<?xml version="1.0" encoding="UTF-8"?>
<testsuite name="no.skatteetaten.aurora.kubernetes.config.ServiceAccountConfigTest" tests="1" skipped="0" failures="0" errors="0" timestamp="2021-10-28T11:33:11" hostname="SKE-DM3HQ-MD6T" time="0.008">
  <properties/>
  <testcase name="Spring initialization()" classname="no.skatteetaten.aurora.kubernetes.config.ServiceAccountConfigTest" time="0.008"/>
  <system-out><![CDATA[2021-10-28 13:33:11.130 DEBUG [test,,] 78102 --- [    Test worker] n.s.aurora.DatabasePropertiesListener    : The environment variable DB_PROPERTIES is not set.

  .   ____          _            __ _ _
 /\\ / ___'_ __ _ _(_)_ __  __ _ \ \ \ \
( ( )\___ | '_ | '_| | '_ \/ _` | \ \ \ \
 \\/  ___)| |_)| | | | | || (_| |  ) ) ) )
  '  |____| .__|_| |_|_| |_\__, | / / / /
 =========|_|==============|___/=/_/_/_/
 :: Spring Boot ::                (v2.5.6)

2021-10-28 13:33:11.138  INFO [test,,] 78102 --- [    Test worker] n.s.a.k.config.ServiceAccountConfigTest  : Starting ServiceAccountConfigTest using Java 11.0.11 on SKE-DM3HQ-MD6T with PID 78102 (started by k82814 in /Users/k82814/workspace/kotlin/kubernetes-reactor-coroutines-client)
2021-10-28 13:33:11.139 DEBUG [test,,] 78102 --- [    Test worker] n.s.a.k.config.ServiceAccountConfigTest  : Running with Spring Boot v2.5.6, Spring v5.3.12
2021-10-28 13:33:11.139  INFO [test,,] 78102 --- [    Test worker] n.s.a.k.config.ServiceAccountConfigTest  : No active profile set, falling back to default profiles: default
2021-10-28 13:33:11.215 DEBUG [test,,] 78102 --- [    Test worker] n.s.a.k.config.KubernetesClientConfig    : Reading token from: src/test/resources/test-token.txt
2021-10-28 13:33:11.223  INFO [test,,] 78102 --- [    Test worker] n.s.a.k.config.ServiceAccountConfigTest  : Started ServiceAccountConfigTest in 0.149 seconds (JVM running for 5.147)
2021-10-28 13:33:11.232 DEBUG [test,,] 78102 --- [    Test worker] n.s.a.k.KubernetesConfiguration          : Kubernetes url=https://utv-master.paas.skead.no:8443
2021-10-28 13:33:11.239 DEBUG [test,,] 78102 --- [    Test worker] n.s.a.k.config.KubernetesClientConfig    : Reading token from: src/test/resources/test-token.txt
]]></system-out>
  <system-err><![CDATA[]]></system-err>
</testsuite>
