<?xml version="1.0" encoding="UTF-8"?>
<testsuite name="no.skatteetaten.aurora.kubernetes.KubernetesWatcherTest" tests="1" skipped="0" failures="0" errors="0" timestamp="2021-10-28T11:33:18" hostname="SKE-DM3HQ-MD6T" time="0.173">
  <properties/>
  <testcase name="Receive deleted event and call dbh()" classname="no.skatteetaten.aurora.kubernetes.KubernetesWatcherTest" time="0.173"/>
  <system-out><![CDATA[2021-10-28 13:33:18.011 DEBUG [test,,] 78102 --- [    Test worker] n.s.aurora.DatabasePropertiesListener    : The environment variable DB_PROPERTIES is not set.

  .   ____          _            __ _ _
 /\\ / ___'_ __ _ _(_)_ __  __ _ \ \ \ \
( ( )\___ | '_ | '_| | '_ \/ _` | \ \ \ \
 \\/  ___)| |_)| | | | | || (_| |  ) ) ) )
  '  |____| .__|_| |_|_| |_\__, | / / / /
 =========|_|==============|___/=/_/_/_/
 :: Spring Boot ::                (v2.5.6)

2021-10-28 13:33:18.020  INFO [test,,] 78102 --- [    Test worker] n.s.a.kubernetes.KubernetesWatcherTest   : Starting KubernetesWatcherTest using Java 11.0.11 on SKE-DM3HQ-MD6T with PID 78102 (started by k82814 in /Users/k82814/workspace/kotlin/kubernetes-reactor-coroutines-client)
2021-10-28 13:33:18.020 DEBUG [test,,] 78102 --- [    Test worker] n.s.a.kubernetes.KubernetesWatcherTest   : Running with Spring Boot v2.5.6, Spring v5.3.12
2021-10-28 13:33:18.021  INFO [test,,] 78102 --- [    Test worker] n.s.a.kubernetes.KubernetesWatcherTest   : The following profiles are active: test
2021-10-28 13:33:18.193 DEBUG [test,,] 78102 --- [    Test worker] n.s.a.k.config.KubernetesClientConfig    : Reading token from: src/test/resources/test-token.txt
2021-10-28 13:33:18.204  INFO [test,,] 78102 --- [    Test worker] n.s.a.kubernetes.KubernetesWatcherTest   : Started KubernetesWatcherTest in 0.314 seconds (JVM running for 12.128)
2021-10-28 13:33:18.354 DEBUG [test,,] 78102 --- [    Test worker] n.s.aurora.kubernetes.KubernetesWatcher  : Started watch on url=http://localhost:54104/
]]></system-out>
  <system-err><![CDATA[]]></system-err>
</testsuite>
